c:\c언어_자료구조_scs\day03\x64\debug\vc143.pdb
c:\c언어_자료구조_scs\day03\x64\debug\vc143.idb
c:\c언어_자료구조_scs\day03\x64\debug\단순연결리스트.obj
c:\c언어_자료구조_scs\day03\x64\debug\main.obj
c:\c언어_자료구조_scs\day03\x64\debug\sll.obj
c:\c언어_자료구조_scs\day03\x64\debug\day03.pdb
c:\c언어_자료구조_scs\day03\x64\debug\day03.tlog\cl.command.1.tlog
c:\c언어_자료구조_scs\day03\x64\debug\day03.tlog\cl.items.tlog
c:\c언어_자료구조_scs\day03\x64\debug\day03.tlog\cl.read.1.tlog
c:\c언어_자료구조_scs\day03\x64\debug\day03.tlog\cl.write.1.tlog
c:\c언어_자료구조_scs\day03\x64\debug\day03.tlog\link-cvtres.read.1.tlog
c:\c언어_자료구조_scs\day03\x64\debug\day03.tlog\link-cvtres.write.1.tlog
c:\c언어_자료구조_scs\day03\x64\debug\day03.tlog\link-rc.read.1.tlog
c:\c언어_자료구조_scs\day03\x64\debug\day03.tlog\link-rc.write.1.tlog
c:\c언어_자료구조_scs\day03\x64\debug\day03.tlog\link.2476-cvtres.read.1.tlog
c:\c언어_자료구조_scs\day03\x64\debug\day03.tlog\link.2476-cvtres.write.1.tlog
c:\c언어_자료구조_scs\day03\x64\debug\day03.tlog\link.2476-rc.read.1.tlog
c:\c언어_자료구조_scs\day03\x64\debug\day03.tlog\link.2476-rc.write.1.tlog
c:\c언어_자료구조_scs\day03\x64\debug\day03.tlog\link.2476.read.1.tlog
c:\c언어_자료구조_scs\day03\x64\debug\day03.tlog\link.2476.read.2.tlog
c:\c언어_자료구조_scs\day03\x64\debug\day03.tlog\link.2476.write.1.tlog
c:\c언어_자료구조_scs\day03\x64\debug\day03.tlog\link.command.1.tlog
c:\c언어_자료구조_scs\day03\x64\debug\day03.tlog\link.read.1.tlog
c:\c언어_자료구조_scs\day03\x64\debug\day03.tlog\link.read.2.tlog
c:\c언어_자료구조_scs\day03\x64\debug\day03.tlog\link.write.1.tlog
